1569488415782:add 3 4
1569488429966:help
1569488562078:sumThat 1 4
1569488713828:sumThat 1 3
1569488719771:help
1569488728075:sum-that 1 2
1569488964996:sum 1 3
1569499978242:help
1569499989648:minus 7 3
1569499994999:minus 5 9
1569500466232:minus 6 4
1569502688291:get-authors
1569503427882:help
1569503874604:get-authors
1569503927115:ge-authors
1569503933951:get-authors
1569505182511:get-all-books
1569505191618:help
1569505307938:get-all-books
1569505343365:stacktrace
1569505453569:get-all-books
1569506604791:help
1569506622485:get-all-authors
1569506628853:get-all-books
1569568646334:get-all-authors
1569569693167:add-author
1569569708484:bob morley
1569570079364:add-author
1569570085311:author1
1569570087885:55
1569570115709:add-author
1569570120309:authh
1569570122669:f
1569570136566:add-author
1569570139724:sd
1569570140587:4
1569570622184:get-all-authors
1569570916833:add-author
1569570930501:sdf
1569571000535:add-author
1569571002081:dfg
1569572712032:get-all-authors
1569572775605:stacktrace
1569573054321:get-all-authors
1569573763661:add-author
1569573766541:goga
1569573767451:4
1569573828808:add-author
1569573830925:dg
1569573831526:34
1569574111989:get-all-authors
1569574593412:add-author
1569574597299:newau
1569574600183:666
1569574606957:get-all-authors
1569575009596:add-author
1569575074373:sf
1569575076725:4
1569576459731:add-author
1569576463444:newau
1569576465482:33
1569576468211:1
1569576469650:2
1569576471547:3
1569576508873:add-author
1569576512291:newau
1569576513460:44
1569576514409:1
1569576514994:2
1569576657727:add-author
1569576660033:newau
1569576661480:55
1569576758536:add-author
1569576759826:dgsdfg
1569576760421:3
1569576764097:book1
1569576766017:book2
1569576777281:stacktrace
1569576812389:add-author
1569576815215:book1
1569576818293:34
1569576819934:book1
1569576821543:book2
1569576914823:add-author
1569576916758:sdf
1569576917443:4
1569576920396:book1
1569576922717:book2
1569576930295:add-author
1569576931397:fdgdfg
1569576931875:4
1569576934517:book3
1569576936797:book443
1569576954120:get-all-authors
1569577173136:add-author
1569577185841:fg
1569577188729:54
1569577240979:book1
1569577242840:book2
1569578776190:add-author sgsdgsdgsdsdfsdfsdfsdf
1569578786407:stacktrace
1569578814121:add-author sdgsdsdfsdfsdf
1569579609763:add-author {"name":"authorNew","birthYear":333}
1569579686077:add-author {"name":"authorrrr","birthYear":33}
1569579697128:stacktrace
1569579767546:add-author "{"name":"authorrrr","birthYear":33}"
1569579788523:add-author '{"name":"authorrrr","birthYear":33}'
1569580224092:help
1569580228139:sum 1 5
1569580501325:add-author '{"name":"authorrrr","birthYear":33}'
1569580513111:stacktrace
1569581109341:add-author '{"name":"authorrrr","birthYear":33}'
1569581211532:add-author '{"name":null,"birthYear":33}'
1569581237307:add-author '{"name":"authorrrr","birthYear":"sdfsdf"}'
1569581799400:catch (InvalidFormatException ifException) {
1569581863618:add-author '("name":"nameNew","birthYear":"sdfsd"}'
1569581903875:d
1569581906724:add-author '{"name":"nameNew","birthYear":"sdfsd"}'
1569582208990:add-author '{"name":"nameNew","birthYear":44}'
1569583279593:delete-author 3
1569583289983:get-all-authors
1569583667851:update-author 3
1569584363312:update author 3
1569584373937:update-author 3
1569584379894:newnameAA
1569584585812:update-author 3
1569584589685:newName
1569584651358:update-author 3
1569584654317:neeeeeeeeeee
1569584661287:book1
1569584663426:book2
1569584726843:update-author 3
1569584729417:nene
1569584732578:book1
1569584734144:book2
1569584780415:update-author 3
1569584782600:nene
1569584785168:book1
1569584787256:book2
1569584822469:update-author 3
1569584824098:ssdf
1569584831376:book1
1569584832960:book2
1569584836384:exit;
1569585309194:update-author 3
1569585311051:sdfsdf
1569585314521:book1
1569585316154:book2
1569585318843:exit;
1569585346345:exit
1569585349595:exit;
1569585371522:update-author 3
1569585373809:madf
1569585376985:book1
1569585378433:book2
1569585383393:exit;
1569585387200:sdf
1569585389713:exit;
1569585433703:update-author 3
1569585435521:sdfsdf
1569585438473:book1
1569585440137:book2
1569585443272:exit;
1569585464105:update-author
1569585472836:update-author 3
1569585474320:sgsdf
1569585477520:book1
1569585479287:book2
1569585482367:exit;
1569585822806:update-author 3
1569585824181:asdfsdf
1569585826912:book1
1569585852083:book2
1569585930612:update-author 3
1569585931898:sdsdg
1569585934707:book1
1569585936244:book2
1569585938130:book3
1569585939987:exit;
1569585948986:exit
1569585952223:exit;
1569586004458:update-author 3
1569586006403:sgsdf
1569586009234:book1
1569586010782:book2
1569586012258:book3
1569586015307:exit;
1569586022760:sdf
1569586025816:exit
1569586030530:exit;
1569586228931:update-author 3
1569586230515:dsfsdf
1569586233278:book1
1569586234840:book2
1569586237175:exit;
1569586271598:update-author 3
1569586273217:sdfsdf
1569586276787:book1
1569586278146:book2
1569586281358:exit;
1569586595106:update-author 3
1569586596731:sdfsdf
1569586599563:book1
1569586601003:book2
1569586604019:exit;
1569586853487:update-author 3
1569586855176:asfsdf
1569586858167:book1
1569586879163:update-author 3
1569586880439:sdgsd
1569586882607:book1
1569586884327:book3
1569586888838:exit;
1569586895897:stacktrace
1569586955454:update-author 3
1569586957070:sdgsdf
1569586959814:book1
1569586961054:book2
1569586962942:book3
1569586965014:exit;
1569587397785:update-author 3
1569587399793:sdfd
1569587402672:book1
1569587404592:book2
1569587407680:sdf
1569587408257:dfg
1569587409105:sd
1569587413136:exit;
1569587590145:get-author-by-id 1
1569587721576:get-all-authors
1569588129407:delete-author 2
1569588133593:sdf
1569588208374:delete-author 2
1569588213048:dfs
1569588214680:sdf
1569588216215:xc
1569588217342:sefw
1569588217902:q
1569588218766:ws
1569588219686:f
1569588221582:n
1569588229922:delete-author 2
1569588231806:y
1569589332543:add-author '{"name":"sdfsdf","birthYear":33}'
1569590556123:get-all-books
1569590732582:get-book-by-id 3
1569590744178:get-book-by-id 23
1569592078142:add-author {
1569592240176:add-author '\n"name":"sdsdf",\n"birthYear":333}'
1569592743538:update-book 2 '{"title":"lolazaz"}'
1569592951334:update-book 2 '{"name":"sdfsdf"}'
1569592978648:update-book 2 '{"title":"sdfsdf"}'
1569594943063:get-author-books author1
1569594955062:get-author-books author3
1569594985421:get-books-by-id 4
1569594995954:get-book-by-id 4
1569595185319:get-author-books author1
1569595193306:get-author-books author3
1569595233475:help
1569826822432:get-all-authors
1569827017078:add-book
1569827372485:add-book '{"title":"newTestBook1",\n"editionYear":1666,\n"author":{"name":"author1"},\n"bookOnHands":true}'
1569827439099:add-book {"title":"newTestBook1",
1569827439127:"editionYear":1666,
1569827439131:"description":"desc for new book",
1569827439134:"author":{"name":"author1"},
1569827464575:add-book '{"title":"newTestBook1",\n"editionYear":1666,\n"description":"desc for new book",\n"author":{"name":"author1"},\n"bookOnHands":true}'
1569828013059:get-all-publishing-houses
1569828961393:add-publishing-house '{"name":"publ77",\n"books":[{"title":"book1"}]\n}'
1569828971210:stacktrace
1569830829635:update-publishing-house '{\n"books":[{"title":"book2"}]\n}' add
1569830878375:update-publishing-house 2 '{\n"books":[{"title":"book2"}]\n}' add
1569831912379:get-all-locations
1569832351336:add-location '{"address":"newADDDDD"}'
1569832663661:get-all-locations
1569832673192:get-all-publishing-houses
1569832679499:get-all-authors
1569832684229:-get-all-books
1569832694140:get-all-books
1569832701384:help
